<?xml version="1.0" encoding="UTF-8"?>
<!-- Generated by org.testng.reporters.JUnitXMLReporter -->
<testsuite ignored="0" hostname="DESKTOP-DA1V3E2" failures="1" tests="2" name="CarLoan" time="0.017" errors="0" timestamp="2021-12-14T09:18:35 IST">
  <testcase classname="TestNG.day3" name="MobileCarLoginLoan" time="0.0">
    <failure type="org.testng.TestNGException" message="
Parameter &amp;apos;URL&amp;apos; is required by @Test on method MobileCarLoginLoan but has not been marked @Optional or defined
in C:\Users\pratik\eclipse-workspace\SeleniumBasic\testng.xml">
      <![CDATA[org.testng.TestNGException: 
Parameter 'URL' is required by @Test on method MobileCarLoginLoan but has not been marked @Optional or defined
in C:\Users\pratik\eclipse-workspace\SeleniumBasic\testng.xml
at java.base/java.util.ArrayList.forEach(ArrayList.java:1511)
... Removed 26 stack frames]]>
    </failure>
  </testcase> <!-- MobileCarLoginLoan -->
  <testcase classname="TestNG.day3" name="WebLogin" time="0.001"/>
</testsuite> <!-- CarLoan -->
